<?xml version="1.0" encoding="UTF-8"?>
<testng-results ignored="0" total="0" passed="0" failed="0" skipped="0">
  <reporter-output>
  </reporter-output>
  <suite started-at="2022-07-23T22:37:31 EDT" name="Amazon Test Suite" finished-at="2022-07-23T22:37:31 EDT" duration-ms="15">
    <groups>
    </groups>
    <test started-at="2022-07-23T22:37:31 EDT" name="Amazon Web Automation" finished-at="2022-07-23T22:37:31 EDT" duration-ms="15">
    </test> <!-- Amazon Web Automation -->
  </suite> <!-- Amazon Test Suite -->
</testng-results>
